<?xml version="1.0" encoding="UTF-8"?>
<!-- Generated by org.testng.reporters.JUnitReportReporter -->
<testsuite skipped="0" hostname="Huseyins-MBP" name="firstTest" tests="2" failures="0" timestamp="16 Mar 2018 12:00:11 GMT" time="47.550" errors="0">
  <testcase name="testUntitled" time="22.950" classname="firstTest"/>
  <testcase name="testUntitled" time="24.600" classname="firstTest"/>
</testsuite> <!-- firstTest -->
